Flow report for Interface_ver01_with_extboard
Thu Oct 22 16:30:05 2020
Quartus Prime Version 18.0.0 Build 614 04/24/2018 SJ Lite Edition


---------------------
; Table of Contents ;
---------------------
  1. Legal Notice
  2. Flow Summary
  3. Flow Settings
  4. Flow Non-Default Global Settings
  5. Flow Elapsed Time
  6. Flow OS Summary
  7. Flow Log
  8. Flow Messages
  9. Flow Suppressed Messages



----------------
; Legal Notice ;
----------------
Copyright (C) 2018  Intel Corporation. All rights reserved.
Your use of Intel Corporation's design tools, logic functions 
and other software and tools, and its AMPP partner logic 
functions, and any output files from any of the foregoing 
(including device programming or simulation files), and any 
associated documentation or information are expressly subject 
to the terms and conditions of the Intel Program License 
Subscription Agreement, the Intel Quartus Prime License Agreement,
the Intel FPGA IP License Agreement, or other applicable license
agreement, including, without limitation, that your use is for
the sole purpose of programming logic devices manufactured by
Intel and sold by Intel or its authorized distributors.  Please
refer to the applicable agreement for further details.



+----------------------------------------------------------------------------------+
; Flow Summary                                                                     ;
+------------------------------------+---------------------------------------------+
; Flow Status                        ; Successful - Thu Oct 22 16:30:04 2020       ;
; Quartus Prime Version              ; 18.0.0 Build 614 04/24/2018 SJ Lite Edition ;
; Revision Name                      ; Interface_ver01_with_extboard               ;
; Top-level Entity Name              ; reg16_pc_interface                          ;
; Family                             ; Cyclone IV E                                ;
; Device                             ; EP4CE115F29C7                               ;
; Timing Models                      ; Final                                       ;
; Total logic elements               ; 727 / 114,480 ( < 1 % )                     ;
;     Total combinational functions  ; 671 / 114,480 ( < 1 % )                     ;
;     Dedicated logic registers      ; 369 / 114,480 ( < 1 % )                     ;
; Total registers                    ; 369                                         ;
; Total pins                         ; 151 / 529 ( 29 % )                          ;
; Total virtual pins                 ; 0                                           ;
; Total memory bits                  ; 1,048,576 / 3,981,312 ( 26 % )              ;
; Embedded Multiplier 9-bit elements ; 0 / 532 ( 0 % )                             ;
; Total PLLs                         ; 0 / 4 ( 0 % )                               ;
+------------------------------------+---------------------------------------------+


+---------------------------------------------------+
; Flow Settings                                     ;
+-------------------+-------------------------------+
; Option            ; Setting                       ;
+-------------------+-------------------------------+
; Start date & time ; 10/22/2020 16:28:39           ;
; Main task         ; Compilation                   ;
; Revision Name     ; Interface_ver01_with_extboard ;
+-------------------+-------------------------------+


+----------------------------------------------------------------------------------------------------------------------------------------------------+
; Flow Non-Default Global Settings                                                                                                                   ;
+-------------------------------------+----------------------------------------+-------------------------------+--------------------+----------------+
; Assignment Name                     ; Value                                  ; Default Value                 ; Entity Name        ; Section Id     ;
+-------------------------------------+----------------------------------------+-------------------------------+--------------------+----------------+
; COMPILER_SIGNATURE_ID               ; 233654131532634.160335171812812        ; --                            ; --                 ; --             ;
; EDA_OUTPUT_DATA_FORMAT              ; Vhdl                                   ; --                            ; --                 ; eda_simulation ;
; EDA_SIMULATION_TOOL                 ; ModelSim-Altera (VHDL)                 ; <None>                        ; --                 ; --             ;
; MAX_CORE_JUNCTION_TEMP              ; 85                                     ; --                            ; --                 ; --             ;
; MIN_CORE_JUNCTION_TEMP              ; 0                                      ; --                            ; --                 ; --             ;
; NOMINAL_CORE_SUPPLY_VOLTAGE         ; 1.2V                                   ; --                            ; --                 ; --             ;
; PARTITION_COLOR                     ; -- (Not supported for targeted family) ; --                            ; DE2_115_Default    ; Top            ;
; PARTITION_COLOR                     ; -- (Not supported for targeted family) ; --                            ; reg16_pc_interface ; Top            ;
; PARTITION_FITTER_PRESERVATION_LEVEL ; -- (Not supported for targeted family) ; --                            ; reg16_pc_interface ; Top            ;
; PARTITION_NETLIST_TYPE              ; -- (Not supported for targeted family) ; --                            ; DE2_115_Default    ; Top            ;
; PARTITION_NETLIST_TYPE              ; -- (Not supported for targeted family) ; --                            ; reg16_pc_interface ; Top            ;
; POWER_BOARD_THERMAL_MODEL           ; None (CONSERVATIVE)                    ; --                            ; --                 ; --             ;
; POWER_PRESET_COOLING_SOLUTION       ; 23 MM HEAT SINK WITH 200 LFPM AIRFLOW  ; --                            ; --                 ; --             ;
; PROJECT_OUTPUT_DIRECTORY            ; output_files                           ; --                            ; --                 ; --             ;
; TOP_LEVEL_ENTITY                    ; reg16_pc_interface                     ; Interface_ver01_with_extboard ; --                 ; --             ;
+-------------------------------------+----------------------------------------+-------------------------------+--------------------+----------------+


+--------------------------------------------------------------------------------------------------------------------------+
; Flow Elapsed Time                                                                                                        ;
+----------------------+--------------+-------------------------+---------------------+------------------------------------+
; Module Name          ; Elapsed Time ; Average Processors Used ; Peak Virtual Memory ; Total CPU Time (on all processors) ;
+----------------------+--------------+-------------------------+---------------------+------------------------------------+
; Analysis & Synthesis ; 00:00:45     ; 1.0                     ; 4874 MB             ; 00:01:26                           ;
; Fitter               ; 00:00:19     ; 1.0                     ; 5451 MB             ; 00:00:26                           ;
; Assembler            ; 00:00:05     ; 1.0                     ; 4698 MB             ; 00:00:05                           ;
; Timing Analyzer      ; 00:00:04     ; 1.1                     ; 4842 MB             ; 00:00:04                           ;
; EDA Netlist Writer   ; 00:00:05     ; 1.0                     ; 4683 MB             ; 00:00:04                           ;
; Total                ; 00:01:18     ; --                      ; --                  ; 00:02:05                           ;
+----------------------+--------------+-------------------------+---------------------+------------------------------------+


+------------------------------------------------------------------------------------+
; Flow OS Summary                                                                    ;
+----------------------+------------------+------------+------------+----------------+
; Module Name          ; Machine Hostname ; OS Name    ; OS Version ; Processor type ;
+----------------------+------------------+------------+------------+----------------+
; Analysis & Synthesis ; DESKTOP-157QI9L  ; Windows 10 ; 10.0       ; x86_64         ;
; Fitter               ; DESKTOP-157QI9L  ; Windows 10 ; 10.0       ; x86_64         ;
; Assembler            ; DESKTOP-157QI9L  ; Windows 10 ; 10.0       ; x86_64         ;
; Timing Analyzer      ; DESKTOP-157QI9L  ; Windows 10 ; 10.0       ; x86_64         ;
; EDA Netlist Writer   ; DESKTOP-157QI9L  ; Windows 10 ; 10.0       ; x86_64         ;
+----------------------+------------------+------------+------------+----------------+


------------
; Flow Log ;
------------
quartus_map --read_settings_files=on --write_settings_files=off Interface_ver01_with_extboard -c Interface_ver01_with_extboard
quartus_fit --read_settings_files=off --write_settings_files=off Interface_ver01_with_extboard -c Interface_ver01_with_extboard
quartus_asm --read_settings_files=off --write_settings_files=off Interface_ver01_with_extboard -c Interface_ver01_with_extboard
quartus_sta Interface_ver01_with_extboard -c Interface_ver01_with_extboard
quartus_eda --read_settings_files=off --write_settings_files=off Interface_ver01_with_extboard -c Interface_ver01_with_extboard



